0. 	Start: Sun Apr 21 04:02:40 2019
	Ended: Sun Apr 21 04:02:40 2019
	Duration: 247483 microseconds	Finished
1. 	Start: Sun Apr 21 04:03:40 2019
	Ended: Sun Apr 21 04:03:40 2019
	Duration: 165244 microseconds	Finished
2. 	Start: Sun Apr 21 04:04:40 2019
	Ended: Sun Apr 21 04:04:40 2019
	Duration: 173305 microseconds	Finished
3. 	Start: Sun Apr 21 04:05:40 2019
	Ended: Sun Apr 21 04:05:40 2019
	Duration: 159677 microseconds	Finished
4. 	Start: Sun Apr 21 04:06:40 2019
	Ended: Sun Apr 21 04:06:40 2019
	Duration: 202643 microseconds	Finished
5. 	Start: Sun Apr 21 04:07:40 2019
	Ended: Sun Apr 21 04:08:18 2019
	Duration: 37822979 microseconds	Timedout
6. 	Start: Sun Apr 21 04:08:40 2019
	Ended: Sun Apr 21 04:09:05 2019
	Duration: 25225456 microseconds	Finished
7. 	Start: Sun Apr 21 04:09:40 2019
	Ended: Sun Apr 21 04:09:42 2019
	Duration: 2003456 microseconds	Finished
8. 	Start: Sun Apr 21 04:10:40 2019
	Ended: Sun Apr 21 04:10:42 2019
	Duration: 1683034 microseconds	Finished
9. 	Start: Sun Apr 21 04:11:40 2019
	Ended: Sun Apr 21 04:11:42 2019
	Duration: 1931862 microseconds	Finished
10. 	Start: Sun Apr 21 04:12:40 2019
	Ended: Sun Apr 21 04:13:11 2019
	Duration: 30685206 microseconds	Timedout
11. 	Start: Sun Apr 21 04:13:40 2019
	Ended: Sun Apr 21 04:14:22 2019
	Duration: 42364807 microseconds	Timedout
12. 	Start: Sun Apr 21 04:14:40 2019
	Ended: Sun Apr 21 04:14:41 2019
	Duration: 1347995 microseconds	Finished
113
13. 	Start: Sun Apr 21 04:15:40 2019
	Ended: Sun Apr 21 04:15:44 2019
	Duration: 4092307 microseconds	Timedout
14. 	Start: Sun Apr 21 04:16:40 2019
	Ended: Sun Apr 21 04:17:07 2019
	Duration: 26751272 microseconds	Finished
15. 	Start: Sun Apr 21 04:17:40 2019
	Ended: Sun Apr 21 04:18:22 2019
	Duration: 41979343 microseconds	Timedout
16. 	Start: Sun Apr 21 04:18:40 2019
	Ended: Sun Apr 21 04:19:11 2019
	Duration: 31131018 microseconds	Timedout
113
17. 	Start: Sun Apr 21 04:19:40 2019
	Ended: Sun Apr 21 04:19:42 2019
	Duration: 1850886 microseconds	Timedout
18. 	Start: Sun Apr 21 04:20:40 2019
	Ended: Sun Apr 21 04:21:38 2019
	Duration: 58586163 microseconds	Timedout
19. 	Start: Sun Apr 21 04:21:40 2019
	Ended: Sun Apr 21 04:21:41 2019
	Duration: 1179361 microseconds	Finished
